<?xml version="1.0" encoding="UTF-8"?>
<!-- Generated by org.testng.reporters.JUnitReportReporter -->
<testsuite hostname="DESKTOP-PSK9T3U" failures="0" tests="1" name="Runner.TestApplication" time="87.543" errors="0" timestamp="2023-08-19T17:34:27 AST" skipped="0">
  <testcase classname="Runner.TestApplication" name="runScenario" time="87.543"/>
  <system-out/>
</testsuite> <!-- Runner.TestApplication -->
