<?xml version="1.0" encoding="UTF-8"?>
<!-- Generated by org.testng.reporters.JUnitReportReporter -->
<testsuite hostname="AWS-PVDI-44" failures="0" tests="1" name="Runner.TestApplication" time="85.207" errors="0" timestamp="2023-11-25T10:38:34 AST" skipped="0">
  <testcase classname="Runner.TestApplication" name="runScenario" time="85.207"/>
</testsuite> <!-- Runner.TestApplication -->
