<?xml version="1.0" encoding="UTF-8"?>
<!-- Generated by org.testng.reporters.JUnitReportReporter -->
<testsuite hostname="DESKTOP-PSK9T3C" failures="0" tests="1" name="Runner.TestApplication" time="192.184" errors="0" timestamp="2023-07-13T17:12:22 IST" skipped="0">
  <testcase classname="Runner.TestApplication" name="runScenario" time="192.184"/>
  <system-out/>
</testsuite> <!-- Runner.TestApplication -->
