<?xml version="1.0" encoding="UTF-8"?>
<!-- Generated by org.testng.reporters.JUnitReportReporter -->
<testsuite hostname="DESKTOP-PSK9T3C" failures="0" tests="1" name="Runner.TestApplication" time="130.259" errors="0" timestamp="2023-06-05T18:34:35 IST" skipped="0">
  <testcase classname="Runner.TestApplication" name="runScenario" time="130.259"/>
  <system-out/>
</testsuite> <!-- Runner.TestApplication -->
