<?xml version="1.0" encoding="UTF-8"?>
<!-- Generated by org.testng.reporters.JUnitReportReporter -->
<testsuite hostname="DESKTOP-PSK9T3C" failures="0" tests="1" name="Runner.TestApplication" time="128.643" errors="0" timestamp="2023-05-29T18:32:55 IST" skipped="0">
  <testcase classname="Runner.TestApplication" name="runScenario" time="128.643"/>
  <system-out/>
</testsuite> <!-- Runner.TestApplication -->
