<?xml version="1.0" encoding="UTF-8"?>
<!-- Generated by org.testng.reporters.JUnitReportReporter -->
<testsuite hostname="DESKTOP-PSK9T3C" failures="0" tests="1" name="Runner.TestApplication" time="126.199" errors="0" timestamp="2023-07-14T16:38:09 IST" skipped="0">
  <testcase classname="Runner.TestApplication" name="runScenario" time="126.199"/>
  <system-out/>
</testsuite> <!-- Runner.TestApplication -->
