<?xml version="1.0" encoding="UTF-8"?>
<!-- Generated by org.testng.reporters.JUnitReportReporter -->
<testsuite hostname="PSK9T3U-DESKTOP" failures="0" tests="1" name="Runner.MultipleTagsRun" time="155.914" errors="0" timestamp="2023-07-11T11:51:57 IST" skipped="0">
  <testcase classname="Runner.MultipleTagsRun" name="test" time="155.914"/>
  <system-out/>
</testsuite> <!-- Runner.MultipleTagsRun -->
