<?xml version="1.0" encoding="UTF-8"?>
<!-- Generated by org.testng.reporters.JUnitReportReporter -->
<testsuite hostname="AWS-PVDI-43" failures="0" tests="1" name="Runner.MultipleTagsRun" time="1.194" errors="0" timestamp="2023-10-13T12:58:57 AST" skipped="0">
  <testcase classname="Runner.MultipleTagsRun" name="test" time="1.194"/>
</testsuite> <!-- Runner.MultipleTagsRun -->
