<?xml version="1.0" encoding="UTF-8"?>
<!-- Generated by org.testng.reporters.JUnitReportReporter -->
<testsuite hostname="INMUVAVD000608" failures="0" tests="1" name="Runner.TestApplication" time="121.343" errors="0" timestamp="2023-06-20T18:41:37 IST" skipped="0">
  <testcase classname="Runner.TestApplication" name="runScenario" time="121.343"/>
  <system-out/>
</testsuite> <!-- Runner.TestApplication -->
