<?xml version="1.0" encoding="UTF-8"?>
<!-- Generated by org.testng.reporters.JUnitReportReporter -->
<testsuite hostname="INMUVAVD000608" failures="0" tests="1" name="Runner.TestApplication" time="75.991" errors="0" timestamp="2023-08-04T18:02:12 IST" skipped="0">
  <testcase classname="Runner.TestApplication" name="runScenario" time="75.991"/>
  <system-out/>
</testsuite> <!-- Runner.TestApplication -->
