<?xml version="1.0" encoding="UTF-8"?>
<!-- Generated by org.testng.reporters.JUnitReportReporter -->
<testsuite hostname="INMUVAVD000608" failures="0" tests="1" name="Runner.TestApplication" time="361.943" errors="0" timestamp="2023-07-10T18:14:13 IST" skipped="0">
  <testcase classname="Runner.TestApplication" name="runScenario" time="361.943"/>
  <system-out/>
</testsuite> <!-- Runner.TestApplication -->
