<?xml version="1.0" encoding="UTF-8"?>
<!-- Generated by org.testng.reporters.JUnitReportReporter -->
<testsuite hostname="INMUVAVD000608" failures="0" tests="1" name="Runner.TestApplication" time="152.355" errors="0" timestamp="2023-06-27T18:41:00 IST" skipped="0">
  <testcase classname="Runner.TestApplication" name="runScenario" time="152.355"/>
  <system-out/>
</testsuite> <!-- Runner.TestApplication -->
