<?xml version="1.0" encoding="UTF-8"?>
<!-- Generated by org.testng.reporters.JUnitReportReporter -->
<testsuite hostname="DESKTOP-PSK9T3K" failures="0" tests="1" name="Runner.TestApplication" time="68.702" errors="0" timestamp="2023-05-19T16:56:24 IST" skipped="0">
  <testcase classname="Runner.TestApplication" name="runScenario" time="68.702"/>
  <system-out/>
</testsuite> <!-- Runner.TestApplication -->
