<?xml version="1.0" encoding="UTF-8"?>
<!-- Generated by org.testng.reporters.JUnitReportReporter -->
<testsuite hostname="INMUVAVD000608" failures="0" tests="1" name="Runner.TestApplication" time="103.229" errors="0" timestamp="2023-05-26T17:48:56 IST" skipped="0">
  <testcase classname="Runner.TestApplication" name="runScenario" time="103.229"/>
  <system-out/>
</testsuite> <!-- Runner.TestApplication -->
