<?xml version="1.0" encoding="UTF-8"?>
<!-- Generated by org.testng.reporters.JUnitReportReporter -->
<testsuite hostname="INMUVAVD000608" failures="0" tests="1" name="Runner.TestApplication" time="77.136" errors="0" timestamp="2023-08-25T18:19:50 IST" skipped="0">
  <testcase classname="Runner.TestApplication" name="runScenario" time="77.136"/>
  <system-out/>
</testsuite> <!-- Runner.TestApplication -->
