<?xml version="1.0" encoding="UTF-8"?>
<!-- Generated by org.testng.reporters.JUnitReportReporter -->
<testsuite hostname="INMUVAVD000608" failures="0" tests="1" name="Runner.TestApplication" time="129.727" errors="0" timestamp="2023-07-28T17:18:16 IST" skipped="0">
  <testcase classname="Runner.TestApplication" name="runScenario" time="129.727"/>
  <system-out/>
</testsuite> <!-- Runner.TestApplication -->
