<?xml version="1.0" encoding="UTF-8"?>
<!-- Generated by org.testng.reporters.JUnitReportReporter -->
<testsuite hostname="INMUVAVD000608" failures="0" tests="1" name="Runner.TestApplication" time="184.405" errors="0" timestamp="2023-07-13T17:05:37 IST" skipped="0">
  <testcase classname="Runner.TestApplication" name="runScenario" time="184.405"/>
  <system-out/>
</testsuite> <!-- Runner.TestApplication -->
