<?xml version="1.0" encoding="UTF-8"?>
<!-- Generated by org.testng.reporters.JUnitReportReporter -->
<testsuite hostname="DESKTOP-PSK9T3K" failures="0" tests="1" name="Runner.NewExcelTestRunner" time="4.599" errors="0" timestamp="2023-05-10T11:16:41 IST" skipped="0">
  <testcase classname="Runner.NewExcelTestRunner" name="test" time="4.599"/>
  <system-out/>
</testsuite> <!-- Runner.NewExcelTestRunner -->
