<?xml version="1.0" encoding="UTF-8"?>
<!-- Generated by org.testng.reporters.JUnitReportReporter -->
<testsuite hostname="INMUVAVD000608" failures="0" tests="1" name="Runner.TestApplication" time="266.828" errors="0" timestamp="2023-07-24T18:30:17 IST" skipped="0">
  <testcase classname="Runner.TestApplication" name="runScenario" time="266.828"/>
  <system-out/>
</testsuite> <!-- Runner.TestApplication -->
