<?xml version="1.0" encoding="UTF-8"?>
<!-- Generated by org.testng.reporters.JUnitReportReporter -->
<testsuite hostname="INMUVAVD000608" failures="0" tests="1" name="Runner.TestApplication" time="68.386" errors="0" timestamp="2023-06-30T14:31:35 IST" skipped="0">
  <testcase classname="Runner.TestApplication" name="runScenario" time="68.386"/>
  <system-out/>
</testsuite> <!-- Runner.TestApplication -->
