<?xml version="1.0" encoding="UTF-8"?>
<!-- Generated by org.testng.reporters.JUnitReportReporter -->
<testsuite hostname="INMUVAVD000608" failures="0" tests="1" name="Runner.TestApplication" time="118.160" errors="0" timestamp="2023-07-07T17:48:47 IST" skipped="0">
  <testcase classname="Runner.TestApplication" name="runScenario" time="118.160"/>
  <system-out/>
</testsuite> <!-- Runner.TestApplication -->
