<?xml version="1.0" encoding="UTF-8"?>
<!-- Generated by org.testng.reporters.JUnitReportReporter -->
<testsuite hostname="AWS-PVDI-43" failures="0" tests="1" name="Runner.TestApplication" time="40.654" errors="0" timestamp="2023-09-18T12:12:19 AST" skipped="0">
  <testcase classname="Runner.TestApplication" name="runScenario" time="40.654"/>
</testsuite> <!-- Runner.TestApplication -->
