<?xml version="1.0" encoding="UTF-8"?>
<!-- Generated by org.testng.reporters.JUnitReportReporter -->
<testsuite hostname="PSK9T3U-DESKTOP" failures="0" tests="1" name="Runner.TestApplication" time="1182.919" errors="0" timestamp="2023-08-02T14:10:10 IST" skipped="0">
  <testcase classname="Runner.TestApplication" name="runScenario" time="1182.919"/>
  <system-out/>
</testsuite> <!-- Runner.TestApplication -->
