<?xml version="1.0" encoding="UTF-8"?>
<!-- Generated by org.testng.reporters.JUnitReportReporter -->
<testsuite hostname="PSK9T3U-DESKTOP" failures="0" tests="1" name="Runner.MultipleTagsRun" time="835.188" errors="0" timestamp="2023-06-29T20:25:35 IST" skipped="0">
  <testcase classname="Runner.MultipleTagsRun" name="test" time="835.188"/>
  <system-out/>
</testsuite> <!-- Runner.MultipleTagsRun -->
