<?xml version="1.0" encoding="UTF-8"?>
<!-- Generated by org.testng.reporters.JUnitReportReporter -->
<testsuite hostname="DESKTOP-PSK9T3V" failures="0" tests="1" name="Runner.TestApplication" time="27.274" errors="0" timestamp="2023-08-10T13:27:53 IST" skipped="0">
  <testcase classname="Runner.TestApplication" name="runScenario" time="27.274"/>
  <system-out/>
</testsuite> <!-- Runner.TestApplication -->
