<?xml version="1.0" encoding="UTF-8"?>
<!-- Generated by org.testng.reporters.JUnitReportReporter -->
<testsuite hostname="DESKTOP-PSK9T3V" failures="0" tests="1" name="Runner.TestApplication" time="199.998" errors="0" timestamp="2023-06-28T18:24:20 IST" skipped="0">
  <testcase classname="Runner.TestApplication" name="runScenario" time="199.998"/>
  <system-out/>
</testsuite> <!-- Runner.TestApplication -->
