<?xml version="1.0" encoding="UTF-8"?>
<!-- Generated by org.testng.reporters.JUnitReportReporter -->
<testsuite hostname="DESKTOP-PSK9T3V" failures="0" tests="1" name="Runner.TestApplication" time="224.750" errors="0" timestamp="2023-06-01T11:26:51 IST" skipped="0">
  <testcase classname="Runner.TestApplication" name="runScenario" time="224.750"/>
  <system-out/>
</testsuite> <!-- Runner.TestApplication -->
