<?xml version="1.0" encoding="UTF-8"?>
<!-- Generated by org.testng.reporters.JUnitReportReporter -->
<testsuite hostname="DESKTOP-PSK9T3V" failures="0" tests="1" name="Runner.TestApplication" time="100.310" errors="0" timestamp="2023-08-25T13:26:57 IST" skipped="0">
  <testcase classname="Runner.TestApplication" name="runScenario" time="100.310"/>
  <system-out/>
</testsuite> <!-- Runner.TestApplication -->
