<?xml version="1.0" encoding="UTF-8"?>
<!-- Generated by org.testng.reporters.JUnitReportReporter -->
<testsuite hostname="DESKTOP-PSK9T3V" failures="0" tests="1" name="Runner.TestApplication" time="189.391" errors="0" timestamp="2023-07-18T18:43:43 IST" skipped="0">
  <testcase classname="Runner.TestApplication" name="runScenario" time="189.391"/>
  <system-out/>
</testsuite> <!-- Runner.TestApplication -->
