<?xml version="1.0" encoding="UTF-8"?>
<!-- Generated by org.testng.reporters.JUnitReportReporter -->
<testsuite hostname="DESKTOP-PSK9T3Z" failures="0" tests="1" name="Runner.TestApplication" time="186.872" errors="0" timestamp="2023-06-29T15:52:20 IST" skipped="0">
  <testcase classname="Runner.TestApplication" name="runScenario" time="186.872"/>
</testsuite> <!-- Runner.TestApplication -->
