<?xml version="1.0" encoding="UTF-8"?>
<!-- Generated by org.testng.reporters.JUnitReportReporter -->
<testsuite hostname="DESKTOP-PSK9T3Z" failures="0" tests="1" name="Runner.TestApplication" time="76.871" errors="1" timestamp="2023-06-30T15:23:42 IST" skipped="0">
  <testcase classname="Runner.TestApplication" name="runScenario" time="76.871">
    <error message="Cannot invoke &quot;java.util.Map.get(Object)&quot; because &quot;this.testData&quot; is null" type="java.lang.NullPointerException">
      <![CDATA[java.lang.NullPointerException: Cannot invoke "java.util.Map.get(Object)" because "this.testData" is null
at stepdefinitions.Facilities_Management_Steps_609.user_609_select_the_code_in_update_after_approve_screen(Facilities_Management_Steps_609.java:97)
at âœ½.User_609 Select the Code in Update After Approve Screen(file:///C:/Users/inindc00615/git/AZENTIO-FMS1/AzentioAutomationFramework_FMS_VIJAY3/src/test/java/features/DrawDownRequest_609.feature:128)
]]>
    </error>
  </testcase> <!-- runScenario -->
</testsuite> <!-- Runner.TestApplication -->
