<?xml version="1.0" encoding="UTF-8"?>
<!-- Generated by org.testng.reporters.JUnitReportReporter -->
<testsuite hostname="DESKTOP-GCBC8O7" failures="1" tests="1" name="Runner.TestApplication" time="252.197" errors="0" timestamp="2023-07-20T14:22:58 IST" skipped="0">
  <testcase classname="Runner.TestApplication" name="runScenario" time="252.197">
    <failure message="no such element: Unable to locate element: {&quot;method&quot;:&quot;xpath&quot;,&quot;selector&quot;:&quot;//table[@id=&#039;gridtab_requestFinancingLimitDetailsGeneralFacilityProductClass_RFFRF00MT&#039;]/tbody/tr/td[text()=&#039;0&#039;]&quot;}
  (Session info: chrome=115.0.5790.99)
For documentation on this error, please visit: https://selenium.dev/exceptions/#no_such_element
Build info: version: &#039;4.8.1&#039;, revision: &#039;8ebccac989&#039;
System info: os.name: &#039;Windows 10&#039;, os.arch: &#039;amd64&#039;, os.version: &#039;10.0&#039;, java.version: &#039;17.0.7&#039;
Driver info: org.openqa.selenium.chrome.ChromeDriver
Command: [b45a8ec91993152527e61eb8430b3eef, findElement {using=xpath, value=//table[@id=&#039;gridtab_requestFinancingLimitDetailsGeneralFacilityProductClass_RFFRF00MT&#039;]/tbody/tr/td[text()=&#039;0&#039;]}]
Capabilities {acceptInsecureCerts: false, browserName: chrome, browserVersion: 115.0.5790.99, chrome: {chromedriverVersion: 114.0.5735.90 (386bc09e8f4f..., userDataDir: C:\Users\balab\AppData\Loca...}, goog:chromeOptions: {debuggerAddress: localhost:53703}, networkConnectionEnabled: false, pageLoadStrategy: normal, platformName: WINDOWS, proxy: Proxy(), se:cdp: ws://localhost:53703/devtoo..., se:cdpVersion: 115.0.5790.99, setWindowRect: true, strictFileInteractability: false, timeouts: {implicit: 0, pageLoad: 300000, script: 30000}, unhandledPromptBehavior: dismiss and notify, webauthn:extension:credBlob: true, webauthn:extension:largeBlob: true, webauthn:extension:minPinLength: true, webauthn:extension:prf: true, webauthn:virtualAuthenticators: true}
Session ID: b45a8ec91993152527e61eb8430b3eef" type="java.lang.AssertionError">
      <![CDATA[java.lang.AssertionError: no such element: Unable to locate element: {"method":"xpath","selector":"//table[@id='gridtab_requestFinancingLimitDetailsGeneralFacilityProductClass_RFFRF00MT']/tbody/tr/td[text()='0']"}
  (Session info: chrome=115.0.5790.99)
For documentation on this error, please visit: https://selenium.dev/exceptions/#no_such_element
Build info: version: '4.8.1', revision: '8ebccac989'
System info: os.name: 'Windows 10', os.arch: 'amd64', os.version: '10.0', java.version: '17.0.7'
Driver info: org.openqa.selenium.chrome.ChromeDriver
Command: [b45a8ec91993152527e61eb8430b3eef, findElement {using=xpath, value=//table[@id='gridtab_requestFinancingLimitDetailsGeneralFacilityProductClass_RFFRF00MT']/tbody/tr/td[text()='0']}]
Capabilities {acceptInsecureCerts: false, browserName: chrome, browserVersion: 115.0.5790.99, chrome: {chromedriverVersion: 114.0.5735.90 (386bc09e8f4f..., userDataDir: C:\Users\balab\AppData\Loca...}, goog:chromeOptions: {debuggerAddress: localhost:53703}, networkConnectionEnabled: false, pageLoadStrategy: normal, platformName: WINDOWS, proxy: Proxy(), se:cdp: ws://localhost:53703/devtoo..., se:cdpVersion: 115.0.5790.99, setWindowRect: true, strictFileInteractability: false, timeouts: {implicit: 0, pageLoad: 300000, script: 30000}, unhandledPromptBehavior: dismiss and notify, webauthn:extension:credBlob: true, webauthn:extension:largeBlob: true, webauthn:extension:minPinLength: true, webauthn:extension:prf: true, webauthn:virtualAuthenticators: true}
Session ID: b45a8ec91993152527e61eb8430b3eef
at org.testng.Assert.fail(Assert.java:111)
at stepdefinitions.FMS_StepDefinition_609.User_609_Select_the_product_Class_in_Request(FMS_StepDefinition_609.java:2308)
at âœ½.User_609 Select the Product Class in Request(file:///C:/Users/balab/git/AZENTIO-FMS/AzentioAutomationFramework_FMS_VIJAY3/src/test/java/features/CreditReview_609.feature:21)
]]>
    </failure>
  </testcase> <!-- runScenario -->
</testsuite> <!-- Runner.TestApplication -->
