<?xml version="1.0" encoding="UTF-8"?>
<!-- Generated by org.testng.reporters.JUnitReportReporter -->
<testsuite hostname="DESKTOP-PSK9T3B" failures="0" tests="1" name="Runner.TestApplication" time="114.135" errors="0" timestamp="2023-09-29T10:23:19 IST" skipped="0">
  <testcase classname="Runner.TestApplication" name="runScenario" time="114.135"/>
  <system-out/>
</testsuite> <!-- Runner.TestApplication -->
