<?xml version="1.0" encoding="UTF-8"?>
<!-- Generated by org.testng.reporters.JUnitReportReporter -->
<testsuite hostname="DESKTOP-PSK9T3B" failures="0" tests="1" name="Runner.TestApplication" time="152.523" errors="1" timestamp="2023-08-10T12:10:46 IST" skipped="0">
  <testcase classname="Runner.TestApplication" name="runScenario" time="152.523">
    <error message="Expected condition failed: waiting for visibility of [[ChromeDriver: chrome on WINDOWS (e5f23480e332f606f5c8ccc572ff3237)] -&gt; xpath: //input[contains(@id,&#039;ADDITIONAL_REFERENCE&#039;)]] (tried for 60 second(s) with 5 milliseconds interval)
Build info: version: &#039;4.8.1&#039;, revision: &#039;8ebccac989&#039;
System info: os.name: &#039;Windows 10&#039;, os.arch: &#039;amd64&#039;, os.version: &#039;10.0&#039;, java.version: &#039;17.0.7&#039;
Driver info: driver.version: unknown" type="org.openqa.selenium.TimeoutException">
      <![CDATA[org.openqa.selenium.TimeoutException: Expected condition failed: waiting for visibility of [[ChromeDriver: chrome on WINDOWS (e5f23480e332f606f5c8ccc572ff3237)] -> xpath: //input[contains(@id,'ADDITIONAL_REFERENCE')]] (tried for 60 second(s) with 5 milliseconds interval)
Build info: version: '4.8.1', revision: '8ebccac989'
System info: os.name: 'Windows 10', os.arch: 'amd64', os.version: '10.0', java.version: '17.0.7'
Driver info: driver.version: unknown
at org.openqa.selenium.support.ui.FluentWait.timeoutException(FluentWait.java:263)
at org.openqa.selenium.support.ui.FluentWait.until(FluentWait.java:231)
at helper.WaitHelper.waitForElementwithFluentwait(WaitHelper.java:95)
at stepdefinitions.IIS_StepDefinition_609.user_search_the_additional_ref_number_in_approve_screen_searchgrid_under_batch_menu(IIS_StepDefinition_609.java:1641)
at âœ½.User_608 search the Additional Ref number in Approve screen searchgrid under Batch menu(file:///C:/Users/inindc00609/git/AZENTIO-FMS1/AzentioAutomationFramework_FMS_VIJAY3/src/test/java/iis_features/AccuralProcess_609.feature:144)
]]>
    </error>
  </testcase> <!-- runScenario -->
  <system-out/>
</testsuite> <!-- Runner.TestApplication -->
