<?xml version="1.0" encoding="UTF-8"?>
<!-- Generated by org.testng.reporters.JUnitReportReporter -->
<testsuite hostname="DESKTOP-PSK9T3B" failures="0" tests="1" name="Runner.TestApplication" time="77.294" errors="0" timestamp="2023-07-28T14:40:15 IST" skipped="0">
  <testcase classname="Runner.TestApplication" name="runScenario" time="77.294"/>
  <system-out/>
</testsuite> <!-- Runner.TestApplication -->
