<?xml version="1.0" encoding="UTF-8"?>
<!-- Generated by org.testng.reporters.JUnitReportReporter -->
<testsuite hostname="DESKTOP-PSK9T3Z" failures="0" tests="1" name="Runner.TestApplication" time="182.351" errors="1" timestamp="2023-07-04T15:41:23 IST" skipped="0">
  <testcase classname="Runner.TestApplication" name="runScenario" time="182.351">
    <error message="Cannot invoke &quot;String.contains(java.lang.CharSequence)&quot; because &quot;toEscape&quot; is null" type="java.lang.NullPointerException">
      <![CDATA[java.lang.NullPointerException: Cannot invoke "String.contains(java.lang.CharSequence)" because "toEscape" is null
at org.openqa.selenium.support.ui.Quotes.escape(Quotes.java:42)
at org.openqa.selenium.support.ui.Select.selectByVisibleText(Select.java:116)
at helper.DropDownHelper.SelectUsingVisibleText(DropDownHelper.java:49)
at stepdefinitions.FMS_StepDefinition_609.user_609_select_the_reason_for_submission_field(FMS_StepDefinition_609.java:386)
at âœ½.User_609 Select the Reason For Submission field(file:///C:/Users/inindc00615/git/AZENTIO-FMS1/AzentioAutomationFramework_FMS_VIJAY3/src/test/java/features/CommitteeApproval_609.feature:45)
]]>
    </error>
  </testcase> <!-- runScenario -->
</testsuite> <!-- Runner.TestApplication -->
