<?xml version="1.0" encoding="UTF-8"?>
<!-- Generated by org.testng.reporters.JUnitReportReporter -->
<testsuite hostname="PSK9T3U-DESKTOP" failures="0" tests="1" name="Runner.MultipleTagsRun" time="1.421" errors="0" timestamp="2023-07-19T16:59:57 IST" skipped="0">
  <testcase classname="Runner.MultipleTagsRun" name="test" time="1.421"/>
  <system-out/>
</testsuite> <!-- Runner.MultipleTagsRun -->
