<?xml version="1.0" encoding="UTF-8"?>
<!-- Generated by org.testng.reporters.JUnitReportReporter -->
<testsuite hostname="DESKTOP-PSK9T3A" failures="0" tests="1" name="Runner.TestApplication" time="208.699" errors="0" timestamp="2023-05-16T13:12:42 IST" skipped="0">
  <testcase classname="Runner.TestApplication" name="runScenario" time="208.699"/>
  <system-out/>
</testsuite> <!-- Runner.TestApplication -->
