<?xml version="1.0" encoding="UTF-8"?>
<!-- Generated by org.testng.reporters.JUnitReportReporter -->
<testsuite hostname="DESKTOP-PSK9T3A" failures="0" tests="1" name="Runner.TestApplication" time="70.976" errors="0" timestamp="2023-06-30T16:13:23 IST" skipped="0">
  <testcase classname="Runner.TestApplication" name="runScenario" time="70.976"/>
  <system-out/>
</testsuite> <!-- Runner.TestApplication -->
