<?xml version="1.0" encoding="UTF-8"?>
<!-- Generated by org.testng.reporters.JUnitReportReporter -->
<testsuite hostname="DESKTOP-PSK9T3A" failures="0" tests="1" name="Runner.TestApplication" time="67.030" errors="0" timestamp="2023-08-11T17:28:35 IST" skipped="0">
  <testcase classname="Runner.TestApplication" name="runScenario" time="67.030"/>
  <system-out/>
</testsuite> <!-- Runner.TestApplication -->
