<?xml version="1.0" encoding="UTF-8"?>
<!-- Generated by org.testng.reporters.JUnitReportReporter -->
<testsuite hostname="AWS-PVDI-25" failures="0" tests="1" name="Runner.TestApplication" time="102.603" errors="0" timestamp="2023-09-14T14:27:15 IST" skipped="0">
  <testcase classname="Runner.TestApplication" name="runScenario" time="102.603"/>
  <system-out/>
</testsuite> <!-- Runner.TestApplication -->
