<?xml version="1.0" encoding="UTF-8"?>
<!-- Generated by org.testng.reporters.JUnitReportReporter -->
<testsuite hostname="DESKTOP-U4BDLB7" failures="0" tests="1" name="Runner.TestApplication" time="109.701" errors="0" timestamp="2023-06-17T15:48:24 IST" skipped="0">
  <testcase classname="Runner.TestApplication" name="runScenario" time="109.701"/>
  <system-out/>
</testsuite> <!-- Runner.TestApplication -->
