<?xml version="1.0" encoding="UTF-8"?>
<!-- Generated by org.testng.reporters.JUnitReportReporter -->
<testsuite hostname="DESKTOP-PSK9T3A" failures="0" tests="1" name="Runner.TestApplication" time="330.264" errors="0" timestamp="2023-07-28T15:08:58 IST" skipped="0">
  <testcase classname="Runner.TestApplication" name="runScenario" time="330.264"/>
  <system-out/>
</testsuite> <!-- Runner.TestApplication -->
