<?xml version="1.0" encoding="UTF-8"?>
<!-- Generated by org.testng.reporters.JUnitReportReporter -->
<testsuite hostname="DESKTOP-PSK9T3A" failures="0" tests="1" name="Runner.TestApplication" time="257.014" errors="0" timestamp="2023-05-16T16:46:30 IST" skipped="0">
  <testcase classname="Runner.TestApplication" name="runScenario" time="257.014"/>
  <system-out/>
</testsuite> <!-- Runner.TestApplication -->
