<?xml version="1.0" encoding="UTF-8"?>
<!-- Generated by org.testng.reporters.JUnitReportReporter -->
<testsuite hostname="DESKTOP-U4BDLB7" failures="0" tests="1" name="Runner.TestApplication" time="158.646" errors="0" timestamp="2023-05-27T20:32:01 IST" skipped="0">
  <testcase classname="Runner.TestApplication" name="runScenario" time="158.646"/>
  <system-out/>
</testsuite> <!-- Runner.TestApplication -->
